<?xml version="1.0" encoding="UTF-8"?>
<!-- Generated by org.testng.reporters.JUnitReportReporter -->
<testsuite hostname="Jitesh" failures="0" tests="1" name="tests.LoginTest" time="2.037" errors="0" timestamp="2025-05-27T15:16:37 IST" skipped="0">
  <testcase classname="tests.LoginTest" name="loginTest" time="2.037"/>
</testsuite> <!-- tests.LoginTest -->
