<?xml version="1.0" encoding="UTF-8"?>
<!-- Generated by org.testng.reporters.JUnitReportReporter -->
<testsuite hostname="Jitesh" failures="0" tests="1" name="tests.HomePageTest" time="4.004" errors="0" timestamp="2025-05-27T15:16:37 IST" skipped="0">
  <testcase classname="tests.HomePageTest" name="validateHomePage" time="4.004"/>
</testsuite> <!-- tests.HomePageTest -->
