<?xml version="1.0" encoding="UTF-8"?>
<!-- Generated by org.testng.reporters.JUnitReportReporter -->
<testsuite hostname="Jitesh" failures="0" tests="1" name="tests.HomePageTest" time="6.296" errors="0" timestamp="2025-05-28T15:52:28 IST" skipped="0">
  <testcase classname="tests.HomePageTest" name="validateHomePage" time="6.296"/>
</testsuite> <!-- tests.HomePageTest -->
